# JRE version: Java(TM) SE Runtime Environment (8.0_121-b13) (build 1.8.0_121-b13)
# Java VM: Java HotSpot(TM) 64-Bit Server VM (25.121-b13 mixed mode windows-amd64 compressed oops)
Heap:
 PSYoungGen      total 215552K, used 116413K [0x00000000d5c00000, 0x00000000e9600000, 0x0000000100000000)
  eden space 180224K, 49% used [0x00000000d5c00000,0x00000000db2d9cb8,0x00000000e0c00000)
  from space 35328K, 77% used [0x00000000e0c00000,0x00000000e26d5a48,0x00000000e2e80000)
  to   space 37888K, 0% used [0x00000000e7100000,0x00000000e7100000,0x00000000e9600000)
 ParOldGen       total 69120K, used 55514K [0x0000000081400000, 0x0000000085780000, 0x00000000d5c00000)
  object space 69120K, 80% used [0x0000000081400000,0x0000000084a368d8,0x0000000085780000)
 Metaspace       used 30549K, capacity 31346K, committed 31488K, reserved 1077248K
  class space    used 3593K, capacity 3821K, committed 3840K, reserved 1048576K
GC Heap History (10 events):
Event: 19.271 GC heap before
{Heap before GC invocations=8 (full 1):
 PSYoungGen      total 107520K, used 107501K [0x00000000d5c00000, 0x00000000df300000, 0x0000000100000000)
  eden space 96768K, 100% used [0x00000000d5c00000,0x00000000dba80000,0x00000000dba80000)
  from space 10752K, 99% used [0x00000000de880000,0x00000000df2fb730,0x00000000df300000)
  to   space 13824K, 0% used [0x00000000dd800000,0x00000000dd800000,0x00000000de580000)
 ParOldGen       total 69120K, used 15408K [0x0000000081400000, 0x0000000085780000, 0x00000000d5c00000)
  object space 69120K, 22% used [0x0000000081400000,0x000000008230c0c0,0x0000000085780000)
 Metaspace       used 29159K, capacity 29866K, committed 30080K, reserved 1075200K
  class space    used 3440K, capacity 3625K, committed 3712K, reserved 1048576K
Event: 19.314 GC heap after
Heap after GC invocations=8 (full 1):
 PSYoungGen      total 140800K, used 13805K [0x00000000d5c00000, 0x00000000e1000000, 0x0000000100000000)
  eden space 126976K, 0% used [0x00000000d5c00000,0x00000000d5c00000,0x00000000dd800000)
  from space 13824K, 99% used [0x00000000dd800000,0x00000000de57b730,0x00000000de580000)
  to   space 22528K, 0% used [0x00000000dfa00000,0x00000000dfa00000,0x00000000e1000000)
 ParOldGen       total 69120K, used 28255K [0x0000000081400000, 0x0000000085780000, 0x00000000d5c00000)
  object space 69120K, 40% used [0x0000000081400000,0x0000000082f97cc0,0x0000000085780000)
 Metaspace       used 29159K, capacity 29866K, committed 30080K, reserved 1075200K
  class space    used 3440K, capacity 3625K, committed 3712K, reserved 1048576K
}
Event: 20.410 GC heap before
{Heap before GC invocations=9 (full 1):
 PSYoungGen      total 140800K, used 140781K [0x00000000d5c00000, 0x00000000e1000000, 0x0000000100000000)
  eden space 126976K, 100% used [0x00000000d5c00000,0x00000000dd800000,0x00000000dd800000)
  from space 13824K, 99% used [0x00000000dd800000,0x00000000de57b730,0x00000000de580000)
  to   space 22528K, 0% used [0x00000000dfa00000,0x00000000dfa00000,0x00000000e1000000)
 ParOldGen       total 69120K, used 28255K [0x0000000081400000, 0x0000000085780000, 0x00000000d5c00000)
  object space 69120K, 40% used [0x0000000081400000,0x0000000082f97cc0,0x0000000085780000)
 Metaspace       used 29167K, capacity 29866K, committed 30080K, reserved 1075200K
  class space    used 3440K, capacity 3625K, committed 3712K, reserved 1048576K
Event: 20.488 GC heap after
Heap after GC invocations=9 (full 1):
 PSYoungGen      total 154624K, used 22498K [0x00000000d5c00000, 0x00000000e5e80000, 0x0000000100000000)
  eden space 132096K, 0% used [0x00000000d5c00000,0x00000000d5c00000,0x00000000ddd00000)
  from space 22528K, 99% used [0x00000000dfa00000,0x00000000e0ff8850,0x00000000e1000000)
  to   space 29696K, 0% used [0x00000000ddd00000,0x00000000ddd00000,0x00000000dfa00000)
 ParOldGen       total 69120K, used 37139K [0x0000000081400000, 0x0000000085780000, 0x00000000d5c00000)
  object space 69120K, 53% used [0x0000000081400000,0x0000000083844dc8,0x0000000085780000)
 Metaspace       used 29167K, capacity 29866K, committed 30080K, reserved 1075200K
  class space    used 3440K, capacity 3625K, committed 3712K, reserved 1048576K
}
Event: 22.314 GC heap before
{Heap before GC invocations=10 (full 1):
 PSYoungGen      total 154624K, used 154594K [0x00000000d5c00000, 0x00000000e5e80000, 0x0000000100000000)
  eden space 132096K, 100% used [0x00000000d5c00000,0x00000000ddd00000,0x00000000ddd00000)
  from space 22528K, 99% used [0x00000000dfa00000,0x00000000e0ff8850,0x00000000e1000000)
  to   space 29696K, 0% used [0x00000000ddd00000,0x00000000ddd00000,0x00000000dfa00000)
 ParOldGen       total 69120K, used 37139K [0x0000000081400000, 0x0000000085780000, 0x00000000d5c00000)
  object space 69120K, 53% used [0x0000000081400000,0x0000000083844dc8,0x0000000085780000)
 Metaspace       used 29168K, capacity 29866K, committed 30080K, reserved 1075200K
  class space    used 3440K, capacity 3625K, committed 3712K, reserved 1048576K
Event: 22.376 GC heap after
Heap after GC invocations=10 (full 1):
 PSYoungGen      total 161792K, used 26055K [0x00000000d5c00000, 0x00000000e4f00000, 0x0000000100000000)
  eden space 132096K, 0% used [0x00000000d5c00000,0x00000000d5c00000,0x00000000ddd00000)
  from space 29696K, 87% used [0x00000000ddd00000,0x00000000df671eb0,0x00000000dfa00000)
  to   space 33280K, 0% used [0x00000000e2e80000,0x00000000e2e80000,0x00000000e4f00000)
 ParOldGen       total 69120K, used 46605K [0x0000000081400000, 0x0000000085780000, 0x00000000d5c00000)
  object space 69120K, 67% used [0x0000000081400000,0x0000000084183458,0x0000000085780000)
 Metaspace       used 29168K, capacity 29866K, committed 30080K, reserved 1075200K
  class space    used 3440K, capacity 3625K, committed 3712K, reserved 1048576K
}
Event: 24.402 GC heap before
{Heap before GC invocations=11 (full 1):
 PSYoungGen      total 161792K, used 158151K [0x00000000d5c00000, 0x00000000e4f00000, 0x0000000100000000)
  eden space 132096K, 100% used [0x00000000d5c00000,0x00000000ddd00000,0x00000000ddd00000)
  from space 29696K, 87% used [0x00000000ddd00000,0x00000000df671eb0,0x00000000dfa00000)
  to   space 33280K, 0% used [0x00000000e2e80000,0x00000000e2e80000,0x00000000e4f00000)
 ParOldGen       total 69120K, used 46605K [0x0000000081400000, 0x0000000085780000, 0x00000000d5c00000)
  object space 69120K, 67% used [0x0000000081400000,0x0000000084183458,0x0000000085780000)
 Metaspace       used 29171K, capacity 29866K, committed 30080K, reserved 1075200K
  class space    used 3440K, capacity 3625K, committed 3712K, reserved 1048576K
Event: 24.457 GC heap after
Heap after GC invocations=11 (full 1):
 PSYoungGen      total 213504K, used 25335K [0x00000000d5c00000, 0x00000000e5300000, 0x0000000100000000)
  eden space 180224K, 0% used [0x00000000d5c00000,0x00000000d5c00000,0x00000000e0c00000)
  from space 33280K, 76% used [0x00000000e2e80000,0x00000000e473dfa8,0x00000000e4f00000)
  to   space 35328K, 0% used [0x00000000e0c00000,0x00000000e0c00000,0x00000000e2e80000)
 ParOldGen       total 69120K, used 50861K [0x0000000081400000, 0x0000000085780000, 0x00000000d5c00000)
  object space 69120K, 73% used [0x0000000081400000,0x00000000845ab5a8,0x0000000085780000)
 Metaspace       used 29171K, capacity 29866K, committed 30080K, reserved 1075200K
  class space    used 3440K, capacity 3625K, committed 3712K, reserved 1048576K
}
Event: 27.560 GC heap before
{Heap before GC invocations=12 (full 1):
 PSYoungGen      total 213504K, used 205559K [0x00000000d5c00000, 0x00000000e5300000, 0x0000000100000000)
  eden space 180224K, 100% used [0x00000000d5c00000,0x00000000e0c00000,0x00000000e0c00000)
  from space 33280K, 76% used [0x00000000e2e80000,0x00000000e473dfa8,0x00000000e4f00000)
  to   space 35328K, 0% used [0x00000000e0c00000,0x00000000e0c00000,0x00000000e2e80000)
 ParOldGen       total 69120K, used 50861K [0x0000000081400000, 0x0000000085780000, 0x00000000d5c00000)
  object space 69120K, 73% used [0x0000000081400000,0x00000000845ab5a8,0x0000000085780000)
 Metaspace       used 29181K, capacity 29866K, committed 30080K, reserved 1075200K
  class space    used 3442K, capacity 3625K, committed 3712K, reserved 1048576K
Event: 27.605 GC heap after
Heap after GC invocations=12 (full 1):
 PSYoungGen      total 215552K, used 27478K [0x00000000d5c00000, 0x00000000e9600000, 0x0000000100000000)
  eden space 180224K, 0% used [0x00000000d5c00000,0x00000000d5c00000,0x00000000e0c00000)
  from space 35328K, 77% used [0x00000000e0c00000,0x00000000e26d5a48,0x00000000e2e80000)
  to   space 37888K, 0% used [0x00000000e7100000,0x00000000e7100000,0x00000000e9600000)
 ParOldGen       total 69120K, used 55514K [0x0000000081400000, 0x0000000085780000, 0x00000000d5c00000)
  object space 69120K, 80% used [0x0000000081400000,0x0000000084a368d8,0x0000000085780000)
 Metaspace       used 29181K, capacity 29866K, committed 30080K, reserved 1075200K
  class space    used 3442K, capacity 3625K, committed 3712K, reserved 1048576K
}

